2026-06-09T09:25:00+08:00 cron850cf6e9 #56 窗口
- 师父手动 commit: a51ec8d 08:34 移除 github-trending-daily-2026-06-08.md (trending daily 不再发布到仓库)
- 距 #55 6822fff 08:17 已 1h08m (早高峰后稳态→日间过渡窗口)
- 4 早报 06-08 批: 全稳 25h+ (ai 8178B+financial 16237B+ai-side-hustle 10792B+web3 9748B, 全部 draft:false)
- ⚠️ 4 早报 06-09 批: 0/4 (实际 schedule 07:20/07:40/08:00/08:20 已过 1h05m-2h05m 全部未生成,web3+ai-side-hustle 8:00/8:20 距最晚已 1h05m)
  - 需主 AI 立刻派子代理补做 (按师父铁律"发现早报没做立刻补上不用问")
- 1022 文章库 (含 _index) / 1020 (excl _index) vs #55=1023: delta=-1 [a51ec8d 08:34 移除 trending-daily-2026-06-08.md 1 篇]
- txtmix.com 域名双条件通过 [dig 198.18.0.34 ∈ 198.18.0.0/15 段 + HTTP 200, IP WARP 轮换 (上次 #55=198.18.0.34,#54=198.18.0.19),同段内无影响]
- 4 早报 06-08 部署 URL GET 4/4 全 200 [ai-news+financial+web3+ai-side-hustle] (trending-daily 已删除,不验证)
- 5 篇最新文章 53 链接深度核查:
  - ai-morning-news-2026-06-08.md (n=13): 12/13 OK + 1/13 qbitai HEAD-403 GET-403 → 但加 UA GET=200 [WAF 模式,延续#51 qbitai 升级,已知]
  - financial-morning-news-2026-06-08.md (n=17): 15/17 OK + 2/17 wallstreetcn HEAD-404 GET-200 (延续#46 已知)
  - web3-morning-news-2026-06-08.md (n=7): 7/7 OK ✅
  - ai-side-hustle-morning-2026-06-08.md (n=12): 10/12 OK + 2/12 HN HEAD-405 GET-429 (HN rate limit,延续#45 已知)
  - turbovec-turboquant-rust-vector-index-guide.md (n=4): 3/4 OK + ⚠️ 1/4 新增真实 broken link
    - https://crates.io/crates/turbovec HEAD-403 + GET-404 [heroku server,crates.io 搜索结果空 "[]",真实 404]
    - 文章 frontmatter 描述 "wheel 已发布到 PyPI 与 crates.io" 误导,实际 crates.io 无此包
    - 修复方案候选: A) 改 frontmatter 为 "PyPI" 唯一 B) 删除 crates.io 链接行 C) 标记 "已 deprecated/下架" (待师父决策)
  - 总计 47/53 = 89% 真实通过 (其中 4 个 HEAD-block 模式已知 + 1 个 crates.io 真实 404 待修复)
- 源站 HEAD 抽样 10 站 (带 UA, --max-time 8s):
  - 6/10 200 [v2ex/flash.jin10/reddit/cls/36kr/cointelegraph]
  - 1/10 403 [coingecko WAF 延续]
  - 1/10 404 [wallstreetcn 根站延续#46]
  - 1/10 405 [news.ycombinator HEAD 不允许,GET-429 已知]
  - 1/10 404 [api.binance.com/ping 延续#54 21:58 首次发现,非内容站]
- GitHub Actions 5/5 success (最新 2026-06-09T00:37:50Z = 08:37 CST = a51ec8d 部署,距#55 6822fff 部署 00:24:11Z = 08:24 CST 间隔 13m 完成 a51ec8d chore 部署)
- HEAD = a51ec8d = origin/main 同步 ahead/behind = 0/0
- 异常延续 5 项:
  1. wallstreetcn 根站 HEAD-404 (article GET-200 已知 pattern #46+)
  2. coingecko 403 WAF (延续)
  3. coindesk 1 article 404 (#44 新发现)
  4. uncommitted working state 14 项延续 (#53 起的 1 modified ai-morning-news-2026-06-08.md + 13 untracked skills/morning-report/*-2026-06-08.mjs)
  5. cron 850cf6e9 status=running 长期挂起 + delivery fail-closed (反复发作的 running 状态残留标记模式,见 2026-06-04~06-05 多次同症状诊断,不影响实际心跳链路)
- 异常变化 1 项: qbitai HEAD-403 GET-403 升级 (#55 时 qbitai 单链接状态有变,本窗口加 UA GET=200 确认 WAF 模式稳定)
- ⚠️ 异常新增 1 项: turbovec 文章 crates.io/crates/turbovec 真实 404 (HEAD+GET 均 404,crates.io API 搜 "turbovec" 返回空),待师父决策修复方式
- 异常修复 0 项
- 异常 #34 清理项 (content/content 镜像 4861 staged): 仍 0 staged,未复发
- 无新文章动作
- ⚠️ 触发补做: 4 早报 06-09 批全部缺失,主 AI 需立即派 4 个子代理并行补做 (按师父铁律"立刻补上不用问")
